<?xml version="1.0" encoding="UTF-8"?>
<!-- Generated by org.testng.reporters.JUnitReportReporter -->
<testsuite hostname="DESKTOP-8GDJ9J7" failures="0" tests="1" name="dataDriven.excelDataProvider1.excel" time="0.564" errors="0" timestamp="2023-01-24T15:30:33 PST" skipped="0">
  <testcase classname="dataDriven.excelDataProvider1.excel" name="getExcel" time="0.564"/>
  <system-out/>
</testsuite> <!-- dataDriven.excelDataProvider1.excel -->
