<?xml version="1.0" encoding="UTF-8"?>
<!-- Generated by org.testng.reporters.JUnitReportReporter -->
<testsuite hostname="DESKTOP-8GDJ9J7" failures="0" tests="3" name="dataDriven.excelDataProvider1.dataProvider" time="0.021" errors="0" timestamp="2023-01-27T16:57:32 PST" skipped="0">
  <testcase classname="dataDriven.excelDataProvider1.dataProvider" name="testCaseData" time="0.002"/>
  <system-out/>
  <testcase classname="dataDriven.excelDataProvider1.dataProvider" name="testCaseData" time="0.006"/>
  <system-out/>
  <testcase classname="dataDriven.excelDataProvider1.dataProvider" name="testCaseData" time="0.013"/>
  <system-out/>
</testsuite> <!-- dataDriven.excelDataProvider1.dataProvider -->
