<?xml version="1.0" encoding="UTF-8"?>
<!-- Generated by org.testng.reporters.JUnitReportReporter -->
<testsuite hostname="DESKTOP-8GDJ9J7" failures="0" tests="1" name="dataDriven.excelDataProvider.AppTest" time="0.020" errors="0" timestamp="2022-12-06T16:17:38 PST" skipped="0">
  <testcase classname="dataDriven.excelDataProvider.AppTest" name="shouldAnswerWithTrue" time="0.020"/>
  <system-out/>
</testsuite> <!-- dataDriven.excelDataProvider.AppTest -->
