<?xml version="1.0" encoding="UTF-8"?>
<!-- Generated by org.testng.reporters.JUnitReportReporter -->
<testsuite hostname="DESKTOP-8GDJ9J7" failures="0" tests="48" name="dataDriven.excelDataProvided.liverLogin" time="692.862" errors="0" timestamp="2023-03-10T10:34:12 PST" skipped="0">
  <testcase classname="dataDriven.excelDataProvided.liverLogin" name="testCaseData" time="13.618"/>
  <system-out/>
  <testcase classname="dataDriven.excelDataProvided.liverLogin" name="testCaseData" time="17.397"/>
  <system-out/>
  <testcase classname="dataDriven.excelDataProvided.liverLogin" name="testCaseData" time="14.173"/>
  <system-out/>
  <testcase classname="dataDriven.excelDataProvided.liverLogin" name="testCaseData" time="14.701"/>
  <system-out/>
  <testcase classname="dataDriven.excelDataProvided.liverLogin" name="testCaseData" time="15.220"/>
  <system-out/>
  <testcase classname="dataDriven.excelDataProvided.liverLogin" name="testCaseData" time="9.424"/>
  <system-out/>
  <testcase classname="dataDriven.excelDataProvided.liverLogin" name="testCaseData" time="15.382"/>
  <system-out/>
  <testcase classname="dataDriven.excelDataProvided.liverLogin" name="testCaseData" time="15.520"/>
  <system-out/>
  <testcase classname="dataDriven.excelDataProvided.liverLogin" name="testCaseData" time="15.504"/>
  <system-out/>
  <testcase classname="dataDriven.excelDataProvided.liverLogin" name="testCaseData" time="17.735"/>
  <system-out/>
  <testcase classname="dataDriven.excelDataProvided.liverLogin" name="testCaseData" time="14.564"/>
  <system-out/>
  <testcase classname="dataDriven.excelDataProvided.liverLogin" name="testCaseData" time="16.644"/>
  <system-out/>
  <testcase classname="dataDriven.excelDataProvided.liverLogin" name="testCaseData" time="15.794"/>
  <system-out/>
  <testcase classname="dataDriven.excelDataProvided.liverLogin" name="testCaseData" time="14.958"/>
  <system-out/>
  <testcase classname="dataDriven.excelDataProvided.liverLogin" name="testCaseData" time="18.383"/>
  <system-out/>
  <testcase classname="dataDriven.excelDataProvided.liverLogin" name="testCaseData" time="15.229"/>
  <system-out/>
  <testcase classname="dataDriven.excelDataProvided.liverLogin" name="testCaseData" time="13.589"/>
  <system-out/>
  <testcase classname="dataDriven.excelDataProvided.liverLogin" name="testCaseData" time="16.427"/>
  <system-out/>
  <testcase classname="dataDriven.excelDataProvided.liverLogin" name="testCaseData" time="14.604"/>
  <system-out/>
  <testcase classname="dataDriven.excelDataProvided.liverLogin" name="testCaseData" time="16.354"/>
  <system-out/>
  <testcase classname="dataDriven.excelDataProvided.liverLogin" name="testCaseData" time="8.264"/>
  <system-out/>
  <testcase classname="dataDriven.excelDataProvided.liverLogin" name="testCaseData" time="8.630"/>
  <system-out/>
  <testcase classname="dataDriven.excelDataProvided.liverLogin" name="testCaseData" time="16.676"/>
  <system-out/>
  <testcase classname="dataDriven.excelDataProvided.liverLogin" name="testCaseData" time="7.690"/>
  <system-out/>
  <testcase classname="dataDriven.excelDataProvided.liverLogin" name="testCaseData" time="13.761"/>
  <system-out/>
  <testcase classname="dataDriven.excelDataProvided.liverLogin" name="testCaseData" time="9.395"/>
  <system-out/>
  <testcase classname="dataDriven.excelDataProvided.liverLogin" name="testCaseData" time="15.757"/>
  <system-out/>
  <testcase classname="dataDriven.excelDataProvided.liverLogin" name="testCaseData" time="17.168"/>
  <system-out/>
  <testcase classname="dataDriven.excelDataProvided.liverLogin" name="testCaseData" time="15.112"/>
  <system-out/>
  <testcase classname="dataDriven.excelDataProvided.liverLogin" name="testCaseData" time="15.029"/>
  <system-out/>
  <testcase classname="dataDriven.excelDataProvided.liverLogin" name="testCaseData" time="15.242"/>
  <system-out/>
  <testcase classname="dataDriven.excelDataProvided.liverLogin" name="testCaseData" time="8.493"/>
  <system-out/>
  <testcase classname="dataDriven.excelDataProvided.liverLogin" name="testCaseData" time="15.241"/>
  <system-out/>
  <testcase classname="dataDriven.excelDataProvided.liverLogin" name="testCaseData" time="15.191"/>
  <system-out/>
  <testcase classname="dataDriven.excelDataProvided.liverLogin" name="testCaseData" time="8.511"/>
  <system-out/>
  <testcase classname="dataDriven.excelDataProvided.liverLogin" name="testCaseData" time="19.206"/>
  <system-out/>
  <testcase classname="dataDriven.excelDataProvided.liverLogin" name="testCaseData" time="14.630"/>
  <system-out/>
  <testcase classname="dataDriven.excelDataProvided.liverLogin" name="testCaseData" time="14.734"/>
  <system-out/>
  <testcase classname="dataDriven.excelDataProvided.liverLogin" name="testCaseData" time="13.824"/>
  <system-out/>
  <testcase classname="dataDriven.excelDataProvided.liverLogin" name="testCaseData" time="18.260"/>
  <system-out/>
  <testcase classname="dataDriven.excelDataProvided.liverLogin" name="testCaseData" time="8.337"/>
  <system-out/>
  <testcase classname="dataDriven.excelDataProvided.liverLogin" name="testCaseData" time="13.297"/>
  <system-out/>
  <testcase classname="dataDriven.excelDataProvided.liverLogin" name="testCaseData" time="14.501"/>
  <system-out/>
  <testcase classname="dataDriven.excelDataProvided.liverLogin" name="testCaseData" time="27.270"/>
  <system-out/>
  <testcase classname="dataDriven.excelDataProvided.liverLogin" name="testCaseData" time="14.407"/>
  <system-out/>
  <testcase classname="dataDriven.excelDataProvided.liverLogin" name="testCaseData" time="10.429"/>
  <system-out/>
  <testcase classname="dataDriven.excelDataProvided.liverLogin" name="testCaseData" time="14.748"/>
  <system-out/>
  <testcase classname="dataDriven.excelDataProvided.liverLogin" name="testCaseData" time="13.839"/>
  <system-out/>
</testsuite> <!-- dataDriven.excelDataProvided.liverLogin -->
