<?xml version="1.0" encoding="UTF-8"?>
<!-- Generated by org.testng.reporters.JUnitReportReporter -->
<testsuite hostname="DESKTOP-8GDJ9J7" failures="0" tests="1" name="dataDriven.excelDataProvided.liverEditProfile" time="32.958" errors="0" timestamp="2023-02-21T16:24:25 PST" skipped="0">
  <testcase classname="dataDriven.excelDataProvided.liverEditProfile" name="testCaseData" time="32.958"/>
  <system-out/>
</testsuite> <!-- dataDriven.excelDataProvided.liverEditProfile -->
