<?xml version="1.0" encoding="UTF-8"?>
<!-- Generated by org.testng.reporters.JUnitReportReporter -->
<testsuite hostname="DESKTOP-8GDJ9J7" failures="0" tests="48" name="dataDriven.excelDataProvided.liverLogin" time="1100.339" errors="0" timestamp="2023-02-15T11:49:00 PST" skipped="0">
  <testcase classname="dataDriven.excelDataProvided.liverLogin" name="testCaseData" time="25.043"/>
  <system-out/>
  <testcase classname="dataDriven.excelDataProvided.liverLogin" name="testCaseData" time="20.778"/>
  <system-out/>
  <testcase classname="dataDriven.excelDataProvided.liverLogin" name="testCaseData" time="22.422"/>
  <system-out/>
  <testcase classname="dataDriven.excelDataProvided.liverLogin" name="testCaseData" time="25.037"/>
  <system-out/>
  <testcase classname="dataDriven.excelDataProvided.liverLogin" name="testCaseData" time="15.658"/>
  <system-out/>
  <testcase classname="dataDriven.excelDataProvided.liverLogin" name="testCaseData" time="25.417"/>
  <system-out/>
  <testcase classname="dataDriven.excelDataProvided.liverLogin" name="testCaseData" time="21.118"/>
  <system-out/>
  <testcase classname="dataDriven.excelDataProvided.liverLogin" name="testCaseData" time="20.363"/>
  <system-out/>
  <testcase classname="dataDriven.excelDataProvided.liverLogin" name="testCaseData" time="15.770"/>
  <system-out/>
  <testcase classname="dataDriven.excelDataProvided.liverLogin" name="testCaseData" time="70.819"/>
  <system-out/>
  <testcase classname="dataDriven.excelDataProvided.liverLogin" name="testCaseData" time="22.889"/>
  <system-out/>
  <testcase classname="dataDriven.excelDataProvided.liverLogin" name="testCaseData" time="20.795"/>
  <system-out/>
  <testcase classname="dataDriven.excelDataProvided.liverLogin" name="testCaseData" time="19.452"/>
  <system-out/>
  <testcase classname="dataDriven.excelDataProvided.liverLogin" name="testCaseData" time="20.205"/>
  <system-out/>
  <testcase classname="dataDriven.excelDataProvided.liverLogin" name="testCaseData" time="19.598"/>
  <system-out/>
  <testcase classname="dataDriven.excelDataProvided.liverLogin" name="testCaseData" time="20.981"/>
  <system-out/>
  <testcase classname="dataDriven.excelDataProvided.liverLogin" name="testCaseData" time="22.935"/>
  <system-out/>
  <testcase classname="dataDriven.excelDataProvided.liverLogin" name="testCaseData" time="20.943"/>
  <system-out/>
  <testcase classname="dataDriven.excelDataProvided.liverLogin" name="testCaseData" time="19.513"/>
  <system-out/>
  <testcase classname="dataDriven.excelDataProvided.liverLogin" name="testCaseData" time="18.803"/>
  <system-out/>
  <testcase classname="dataDriven.excelDataProvided.liverLogin" name="testCaseData" time="19.152"/>
  <system-out/>
  <testcase classname="dataDriven.excelDataProvided.liverLogin" name="testCaseData" time="20.511"/>
  <system-out/>
  <testcase classname="dataDriven.excelDataProvided.liverLogin" name="testCaseData" time="22.964"/>
  <system-out/>
  <testcase classname="dataDriven.excelDataProvided.liverLogin" name="testCaseData" time="23.333"/>
  <system-out/>
  <testcase classname="dataDriven.excelDataProvided.liverLogin" name="testCaseData" time="22.997"/>
  <system-out/>
  <testcase classname="dataDriven.excelDataProvided.liverLogin" name="testCaseData" time="19.872"/>
  <system-out/>
  <testcase classname="dataDriven.excelDataProvided.liverLogin" name="testCaseData" time="31.944"/>
  <system-out/>
  <testcase classname="dataDriven.excelDataProvided.liverLogin" name="testCaseData" time="21.911"/>
  <system-out/>
  <testcase classname="dataDriven.excelDataProvided.liverLogin" name="testCaseData" time="19.324"/>
  <system-out/>
  <testcase classname="dataDriven.excelDataProvided.liverLogin" name="testCaseData" time="20.157"/>
  <system-out/>
  <testcase classname="dataDriven.excelDataProvided.liverLogin" name="testCaseData" time="21.204"/>
  <system-out/>
  <testcase classname="dataDriven.excelDataProvided.liverLogin" name="testCaseData" time="19.973"/>
  <system-out/>
  <testcase classname="dataDriven.excelDataProvided.liverLogin" name="testCaseData" time="24.079"/>
  <system-out/>
  <testcase classname="dataDriven.excelDataProvided.liverLogin" name="testCaseData" time="37.716"/>
  <system-out/>
  <testcase classname="dataDriven.excelDataProvided.liverLogin" name="testCaseData" time="20.698"/>
  <system-out/>
  <testcase classname="dataDriven.excelDataProvided.liverLogin" name="testCaseData" time="34.000"/>
  <system-out/>
  <testcase classname="dataDriven.excelDataProvided.liverLogin" name="testCaseData" time="19.852"/>
  <system-out/>
  <testcase classname="dataDriven.excelDataProvided.liverLogin" name="testCaseData" time="20.398"/>
  <system-out/>
  <testcase classname="dataDriven.excelDataProvided.liverLogin" name="testCaseData" time="18.604"/>
  <system-out/>
  <testcase classname="dataDriven.excelDataProvided.liverLogin" name="testCaseData" time="28.055"/>
  <system-out/>
  <testcase classname="dataDriven.excelDataProvided.liverLogin" name="testCaseData" time="15.475"/>
  <system-out/>
  <testcase classname="dataDriven.excelDataProvided.liverLogin" name="testCaseData" time="19.211"/>
  <system-out/>
  <testcase classname="dataDriven.excelDataProvided.liverLogin" name="testCaseData" time="23.029"/>
  <system-out/>
  <testcase classname="dataDriven.excelDataProvided.liverLogin" name="testCaseData" time="20.051"/>
  <system-out/>
  <testcase classname="dataDriven.excelDataProvided.liverLogin" name="testCaseData" time="17.134"/>
  <system-out/>
  <testcase classname="dataDriven.excelDataProvided.liverLogin" name="testCaseData" time="19.988"/>
  <system-out/>
  <testcase classname="dataDriven.excelDataProvided.liverLogin" name="testCaseData" time="28.621"/>
  <system-out/>
  <testcase classname="dataDriven.excelDataProvided.liverLogin" name="testCaseData" time="21.547"/>
  <system-out/>
</testsuite> <!-- dataDriven.excelDataProvided.liverLogin -->
