<?xml version="1.0" encoding="UTF-8"?>
<!-- Generated by org.testng.reporters.JUnitReportReporter -->
<testsuite hostname="DESKTOP-8GDJ9J7" failures="0" tests="1" name="dataDriven.excelDataProvided.excel" time="0.661" errors="0" timestamp="2023-01-24T17:31:51 PST" skipped="0">
  <testcase classname="dataDriven.excelDataProvided.excel" name="getExcel" time="0.661"/>
  <system-out/>
</testsuite> <!-- dataDriven.excelDataProvided.excel -->
